mode: set
mymodule/auth.go:37.68,42.19 3 0
mymodule/auth.go:42.19,47.6 4 0
mymodule/auth.go:50.5,55.72 4 0
mymodule/auth.go:55.72,60.6 4 0
mymodule/auth.go:63.5,66.43 4 0
mymodule/auth.go:66.43,71.6 4 0
mymodule/auth.go:73.5,73.28 1 0
mymodule/auth.go:73.28,77.6 3 0
mymodule/auth.go:80.5,81.19 2 0
mymodule/auth.go:81.19,86.6 4 0
mymodule/auth.go:89.5,91.19 3 0
mymodule/auth.go:91.19,96.6 4 0
mymodule/auth.go:98.5,99.92 2 0
mymodule/auth.go:103.67,108.19 3 0
mymodule/auth.go:108.19,113.6 4 0
mymodule/auth.go:116.5,121.72 4 0
mymodule/auth.go:121.72,126.6 4 0
mymodule/auth.go:129.5,133.29 5 0
mymodule/auth.go:133.29,137.6 3 0
mymodule/auth.go:139.5,139.19 1 0
mymodule/auth.go:139.19,144.6 4 0
mymodule/auth.go:147.5,148.51 2 0
mymodule/auth.go:148.51,152.6 3 0
mymodule/auth.go:154.5,160.36 3 0
mymodule/main.go:74.43,115.2 28 1
mymodule/main.go:117.13,123.16 4 0
mymodule/main.go:123.16,125.3 1 0
mymodule/main.go:128.2,136.16 7 0
mymodule/main.go:136.16,138.3 1 0
mymodule/main.go:139.2,155.58 6 0
mymodule/main.go:155.58,157.3 1 0
mymodule/main.go:161.46,162.48 1 1
mymodule/main.go:162.48,164.3 1 1
mymodule/main.go:165.2,165.21 1 1
mymodule/main.go:172.81,177.16 3 1
mymodule/main.go:177.16,179.3 1 1
mymodule/main.go:182.2,182.33 1 1
mymodule/main.go:182.33,184.3 1 1
mymodule/main.go:185.2,186.16 2 1
mymodule/main.go:190.62,193.2 2 1
mymodule/main.go:196.62,199.2 2 1
mymodule/main.go:201.78,205.62 2 1
mymodule/main.go:205.62,214.6 5 1
mymodule/main.go:216.5,216.26 1 1
mymodule/main.go:220.100,225.2 2 1
mymodule/main.go:228.71,234.19 4 1
mymodule/main.go:234.19,237.6 1 1
mymodule/main.go:238.5,238.19 1 1
mymodule/main.go:242.52,247.21 3 1
mymodule/main.go:247.21,249.105 2 1
mymodule/main.go:249.105,251.10 1 1
mymodule/main.go:252.9,252.42 1 1
mymodule/main.go:255.5,255.38 1 1
mymodule/main.go:255.38,257.6 1 1
mymodule/main.go:259.5,259.24 1 1
mymodule/main.go:263.46,264.56 1 1
mymodule/main.go:264.56,266.6 1 1
mymodule/main.go:267.5,267.15 1 1
mymodule/main.go:271.40,273.47 1 1
mymodule/main.go:273.47,275.6 1 1
mymodule/main.go:276.5,276.15 1 1
mymodule/main.go:280.71,286.20 3 1
mymodule/main.go:286.20,290.6 2 1
mymodule/main.go:293.5,302.19 3 1
mymodule/main.go:302.19,306.6 2 1
mymodule/main.go:307.5,311.19 3 1
mymodule/main.go:311.19,315.6 2 1
mymodule/main.go:318.5,318.47 1 1
mymodule/main.go:322.58,327.21 3 1
mymodule/main.go:327.21,329.187 2 1
mymodule/main.go:329.187,331.10 1 1
mymodule/main.go:332.9,332.36 1 1
mymodule/main.go:335.5,335.38 1 1
mymodule/main.go:335.38,337.6 1 1
mymodule/main.go:339.5,339.22 1 1
mymodule/main.go:343.69,347.20 3 1
mymodule/main.go:347.20,350.6 2 1
mymodule/main.go:352.5,369.19 3 1
mymodule/main.go:369.19,372.6 2 1
mymodule/main.go:373.5,376.19 3 1
mymodule/main.go:376.19,379.6 2 1
mymodule/main.go:381.5,381.45 1 1
mymodule/main.go:386.68,395.19 4 1
mymodule/main.go:395.19,398.6 2 1
mymodule/main.go:399.5,402.19 3 1
mymodule/main.go:402.19,405.6 2 1
mymodule/main.go:407.5,407.47 1 1
mymodule/main.go:412.69,431.19 4 1
mymodule/main.go:431.19,434.6 2 1
mymodule/main.go:436.5,437.19 2 1
mymodule/main.go:437.19,440.6 2 1
mymodule/main.go:442.5,442.45 1 1
mymodule/main.go:447.76,455.16 3 1
mymodule/main.go:455.16,459.3 3 0
mymodule/main.go:460.2,463.18 3 1
mymodule/main.go:463.18,465.138 2 1
mymodule/main.go:465.138,469.4 3 0
mymodule/main.go:470.3,470.56 1 1
mymodule/main.go:473.2,473.35 1 1
mymodule/main.go:473.35,477.3 3 0
mymodule/main.go:479.2,480.67 2 1
mymodule/main.go:480.67,483.3 2 0
mymodule/main.go:487.76,491.16 4 1
mymodule/main.go:491.16,494.3 2 0
mymodule/main.go:496.2,505.16 3 1
mymodule/main.go:505.16,509.3 3 0
mymodule/main.go:510.2,515.18 4 1
mymodule/main.go:515.18,517.108 2 1
mymodule/main.go:517.108,521.4 3 0
mymodule/main.go:522.3,525.5 1 1
mymodule/main.go:528.2,528.35 1 1
mymodule/main.go:528.35,532.3 3 0
mymodule/main.go:534.2,547.66 3 1
mymodule/main.go:547.66,550.3 2 0
mymodule/main.go:554.69,557.16 3 1
mymodule/main.go:557.16,560.3 2 0
mymodule/main.go:562.2,578.16 3 1
mymodule/main.go:578.16,582.3 3 0
mymodule/main.go:583.2,586.17 3 1
mymodule/main.go:586.17,587.181 1 1
mymodule/main.go:587.181,591.4 3 0
mymodule/main.go:592.8,595.3 2 0
mymodule/main.go:597.2,598.56 2 1
mymodule/main.go:598.56,601.3 2 0
mymodule/main.go:605.80,607.18 2 1
mymodule/main.go:607.18,610.3 2 0
mymodule/main.go:612.2,620.16 3 1
mymodule/main.go:620.16,624.3 3 0
mymodule/main.go:625.2,628.18 3 1
mymodule/main.go:628.18,630.99 2 1
mymodule/main.go:630.99,634.4 3 0
mymodule/main.go:635.3,635.48 1 1
mymodule/main.go:638.2,638.35 1 1
mymodule/main.go:638.35,642.3 3 0
mymodule/main.go:644.2,644.27 1 1
mymodule/main.go:644.27,647.3 2 0
mymodule/main.go:649.2,650.63 2 1
mymodule/main.go:650.63,653.3 2 0
mymodule/main.go:657.75,660.16 3 1
mymodule/main.go:660.16,664.3 3 0
mymodule/main.go:665.2,668.18 3 1
mymodule/main.go:668.18,670.99 2 1
mymodule/main.go:670.99,674.4 3 0
mymodule/main.go:675.3,675.48 1 1
mymodule/main.go:678.2,678.35 1 1
mymodule/main.go:678.35,682.3 3 0
mymodule/main.go:684.2,685.63 2 1
mymodule/main.go:685.63,688.3 2 0
mymodule/main.go:692.72,693.33 1 1
mymodule/main.go:693.33,696.3 2 0
mymodule/main.go:698.2,700.16 3 1
mymodule/main.go:700.16,703.3 2 0
mymodule/main.go:705.2,706.16 2 1
mymodule/main.go:706.16,710.3 3 0
mymodule/main.go:711.2,720.16 7 1
mymodule/main.go:720.16,724.3 3 0
mymodule/main.go:726.2,727.16 2 1
mymodule/main.go:727.16,731.3 3 0
mymodule/main.go:732.2,735.16 3 1
mymodule/main.go:735.16,739.3 3 0
mymodule/main.go:741.2,743.16 3 1
mymodule/main.go:743.16,747.3 3 0
mymodule/main.go:749.2,750.63 2 1
mymodule/main.go:754.67,755.33 1 1
mymodule/main.go:755.33,758.3 2 0
mymodule/main.go:761.2,763.16 3 1
mymodule/main.go:763.16,766.3 2 0
mymodule/main.go:767.2,770.53 2 1
mymodule/main.go:770.53,773.3 2 0
mymodule/main.go:776.2,780.16 3 1
mymodule/main.go:780.16,784.3 3 0
mymodule/main.go:787.2,788.16 2 1
mymodule/main.go:788.16,792.3 3 0
mymodule/main.go:794.2,799.60 4 1
mymodule/main.go:799.60,802.3 2 0
mymodule/main.go:806.70,807.33 1 1
mymodule/main.go:807.33,810.3 2 0
mymodule/main.go:812.2,814.16 3 1
mymodule/main.go:814.16,817.3 2 0
mymodule/main.go:819.2,820.16 2 1
mymodule/main.go:820.16,824.3 3 0
mymodule/main.go:825.2,833.16 7 1
mymodule/main.go:833.16,837.3 3 0
mymodule/main.go:839.2,840.16 2 1
mymodule/main.go:840.16,844.3 3 0
mymodule/main.go:845.2,848.16 3 1
mymodule/main.go:848.16,852.3 3 0
mymodule/main.go:854.2,856.16 3 1
mymodule/main.go:856.16,860.3 3 0
mymodule/main.go:862.2,863.63 2 1
mymodule/main.go:867.65,868.33 1 1
mymodule/main.go:868.33,871.3 2 0
mymodule/main.go:874.2,876.16 3 1
mymodule/main.go:876.16,879.3 2 0
mymodule/main.go:880.2,883.44 2 1
mymodule/main.go:883.44,886.3 2 0
mymodule/main.go:889.2,893.16 3 1
mymodule/main.go:893.16,897.3 3 0
mymodule/main.go:900.2,901.16 2 1
mymodule/main.go:901.16,905.3 3 0
mymodule/main.go:907.2,911.60 4 1
mymodule/main.go:911.60,914.3 2 0
mymodule/main.go:918.71,919.33 1 1
mymodule/main.go:919.33,922.3 2 0
mymodule/main.go:925.2,927.16 3 1
mymodule/main.go:927.16,930.3 2 0
mymodule/main.go:931.2,934.87 2 1
mymodule/main.go:934.87,937.3 2 0
mymodule/main.go:940.2,944.16 3 1
mymodule/main.go:944.16,948.3 3 0
mymodule/main.go:951.2,952.16 2 1
mymodule/main.go:952.16,956.3 3 0
mymodule/main.go:958.2,962.60 4 1
mymodule/main.go:962.60,965.3 2 0
mymodule/main.go:969.68,970.33 1 1
mymodule/main.go:970.33,973.3 2 0
mymodule/main.go:976.2,981.16 3 1
mymodule/main.go:981.16,984.3 2 0
mymodule/main.go:986.2,986.62 1 1
mymodule/main.go:986.62,989.3 2 0
mymodule/main.go:992.2,994.16 3 1
mymodule/main.go:994.16,998.3 3 0
mymodule/main.go:999.2,999.16 1 1
mymodule/main.go:999.16,1002.3 2 0
mymodule/main.go:1005.2,1006.16 2 1
mymodule/main.go:1006.16,1010.3 3 0
mymodule/main.go:1013.2,1014.16 2 1
mymodule/main.go:1014.16,1018.3 3 0
mymodule/main.go:1020.2,1022.61 3 1
mymodule/main.go:1026.76,1027.33 1 1
mymodule/main.go:1027.33,1030.3 2 0
mymodule/main.go:1033.2,1038.16 3 1
mymodule/main.go:1038.16,1041.3 2 0
mymodule/main.go:1044.2,1046.16 3 1
mymodule/main.go:1046.16,1047.27 1 0
mymodule/main.go:1047.27,1049.4 1 0
mymodule/main.go:1049.9,1052.4 2 0
mymodule/main.go:1053.3,1053.9 1 0
mymodule/main.go:1056.2,1056.17 1 1
mymodule/main.go:1056.17,1059.3 2 0
mymodule/main.go:1062.2,1063.16 2 1
mymodule/main.go:1063.16,1067.3 3 0
mymodule/main.go:1070.2,1071.16 2 1
mymodule/main.go:1071.16,1075.3 3 0
mymodule/main.go:1077.2,1078.46 2 1
mymodule/main.go:1082.70,1083.63 1 1
mymodule/main.go:1083.63,1086.3 2 0
mymodule/main.go:1088.2,1090.16 3 1
mymodule/main.go:1090.16,1093.3 2 0
mymodule/main.go:1095.2,1097.16 3 1
mymodule/main.go:1097.16,1100.3 2 0
mymodule/main.go:1101.2,1103.53 2 1
mymodule/main.go:1103.53,1106.3 2 0
mymodule/main.go:1108.2,1115.16 3 1
mymodule/main.go:1115.16,1119.3 3 0
mymodule/main.go:1121.2,1122.23 2 1
mymodule/main.go:1122.23,1125.3 2 0
mymodule/main.go:1127.2,1127.47 1 1
mymodule/main.go:1131.68,1132.63 1 1
mymodule/main.go:1132.63,1135.3 2 0
mymodule/main.go:1138.2,1140.16 3 1
mymodule/main.go:1140.16,1143.3 2 0
mymodule/main.go:1146.2,1154.16 3 1
mymodule/main.go:1154.16,1157.3 2 0
mymodule/main.go:1158.2,1161.44 2 1
mymodule/main.go:1161.44,1164.3 2 0
mymodule/main.go:1167.2,1175.16 3 1
mymodule/main.go:1175.16,1179.3 3 0
mymodule/main.go:1182.2,1183.23 2 1
mymodule/main.go:1183.23,1186.3 2 0
mymodule/main.go:1188.2,1188.45 1 1
mymodule/main.go:1192.74,1193.63 1 0
mymodule/main.go:1193.63,1196.3 2 0
mymodule/main.go:1199.2,1201.16 3 0
mymodule/main.go:1201.16,1204.3 2 0
mymodule/main.go:1207.2,1209.16 3 0
mymodule/main.go:1209.16,1212.3 2 0
mymodule/main.go:1213.2,1220.87 4 0
mymodule/main.go:1220.87,1223.3 2 0
mymodule/main.go:1226.2,1234.16 3 0
mymodule/main.go:1234.16,1238.3 3 0
mymodule/main.go:1241.2,1242.23 2 0
mymodule/main.go:1242.23,1245.3 2 0
mymodule/main.go:1247.2,1247.51 1 0
mymodule/main.go:1251.70,1252.35 1 0
mymodule/main.go:1252.35,1255.3 2 0
mymodule/main.go:1258.2,1260.16 3 0
mymodule/main.go:1260.16,1263.3 2 0
mymodule/main.go:1266.2,1275.16 4 0
mymodule/main.go:1275.16,1279.3 3 0
mymodule/main.go:1282.2,1282.18 1 0
mymodule/main.go:1282.18,1285.3 2 0
mymodule/main.go:1288.2,1295.16 3 0
mymodule/main.go:1295.16,1299.3 3 0
mymodule/main.go:1302.2,1303.23 2 0
mymodule/main.go:1303.23,1306.3 2 0
mymodule/main.go:1308.2,1308.47 1 0
mymodule/main.go:1312.68,1313.35 1 0
mymodule/main.go:1313.35,1316.3 2 0
mymodule/main.go:1319.2,1321.16 3 0
mymodule/main.go:1321.16,1324.3 2 0
mymodule/main.go:1327.2,1336.16 4 0
mymodule/main.go:1336.16,1340.3 3 0
mymodule/main.go:1343.2,1352.16 4 0
mymodule/main.go:1352.16,1356.3 3 0
mymodule/main.go:1359.2,1366.16 3 0
mymodule/main.go:1366.16,1370.3 3 0
mymodule/main.go:1373.2,1374.23 2 0
mymodule/main.go:1374.23,1377.3 2 0
mymodule/main.go:1380.2,1380.24 1 0
mymodule/main.go:1380.24,1388.17 3 0
mymodule/main.go:1388.17,1392.4 3 0
mymodule/main.go:1395.2,1395.45 1 0
mymodule/main.go:1399.74,1400.35 1 0
mymodule/main.go:1400.35,1403.3 2 0
mymodule/main.go:1406.2,1408.16 3 0
mymodule/main.go:1408.16,1411.3 2 0
mymodule/main.go:1414.2,1421.16 3 0
mymodule/main.go:1421.16,1425.3 3 0
mymodule/main.go:1428.2,1429.23 2 0
mymodule/main.go:1429.23,1432.3 2 0
mymodule/main.go:1434.2,1434.51 1 0
