mode: set
mymodule/auth.go:37.68,42.19 3 0
mymodule/auth.go:42.19,47.6 4 0
mymodule/auth.go:50.5,55.72 4 0
mymodule/auth.go:55.72,60.6 4 0
mymodule/auth.go:63.5,66.43 4 0
mymodule/auth.go:66.43,71.6 4 0
mymodule/auth.go:73.5,73.28 1 0
mymodule/auth.go:73.28,77.6 3 0
mymodule/auth.go:80.5,81.19 2 0
mymodule/auth.go:81.19,86.6 4 0
mymodule/auth.go:89.5,91.19 3 0
mymodule/auth.go:91.19,96.6 4 0
mymodule/auth.go:98.5,99.92 2 0
mymodule/auth.go:103.67,108.19 3 0
mymodule/auth.go:108.19,113.6 4 0
mymodule/auth.go:116.5,121.72 4 0
mymodule/auth.go:121.72,126.6 4 0
mymodule/auth.go:129.5,133.29 5 0
mymodule/auth.go:133.29,137.6 3 0
mymodule/auth.go:139.5,139.19 1 0
mymodule/auth.go:139.19,144.6 4 0
mymodule/auth.go:147.5,148.51 2 0
mymodule/auth.go:148.51,152.6 3 0
mymodule/auth.go:154.5,160.36 3 0
mymodule/main.go:74.43,115.2 28 1
mymodule/main.go:117.13,123.16 4 0
mymodule/main.go:123.16,125.3 1 0
mymodule/main.go:128.2,136.16 7 0
mymodule/main.go:136.16,138.3 1 0
mymodule/main.go:139.2,155.58 6 0
mymodule/main.go:155.58,157.3 1 0
mymodule/main.go:161.46,162.48 1 1
mymodule/main.go:162.48,164.3 1 1
mymodule/main.go:165.2,165.21 1 1
mymodule/main.go:172.81,177.16 3 1
mymodule/main.go:177.16,179.3 1 1
mymodule/main.go:182.2,182.33 1 1
mymodule/main.go:182.33,184.3 1 1
mymodule/main.go:185.2,186.16 2 1
mymodule/main.go:190.62,193.2 2 1
mymodule/main.go:196.62,199.2 2 1
mymodule/main.go:202.91,205.2 2 1
mymodule/main.go:207.78,211.62 2 1
mymodule/main.go:211.62,220.6 5 1
mymodule/main.go:222.5,222.26 1 1
mymodule/main.go:226.100,231.2 2 1
mymodule/main.go:234.71,240.19 4 1
mymodule/main.go:240.19,243.6 1 1
mymodule/main.go:244.5,244.19 1 1
mymodule/main.go:248.52,253.21 3 1
mymodule/main.go:253.21,255.105 2 1
mymodule/main.go:255.105,257.10 1 1
mymodule/main.go:258.9,258.42 1 1
mymodule/main.go:261.5,261.38 1 1
mymodule/main.go:261.38,263.6 1 1
mymodule/main.go:265.5,265.24 1 1
mymodule/main.go:269.46,270.56 1 1
mymodule/main.go:270.56,272.6 1 1
mymodule/main.go:273.5,273.15 1 1
mymodule/main.go:277.40,279.47 1 1
mymodule/main.go:279.47,281.6 1 1
mymodule/main.go:282.5,282.15 1 1
mymodule/main.go:286.71,292.20 3 1
mymodule/main.go:292.20,296.6 2 1
mymodule/main.go:299.5,308.19 3 1
mymodule/main.go:308.19,312.6 2 1
mymodule/main.go:313.5,317.19 3 1
mymodule/main.go:317.19,321.6 2 1
mymodule/main.go:324.5,324.47 1 1
mymodule/main.go:328.58,333.21 3 1
mymodule/main.go:333.21,335.187 2 1
mymodule/main.go:335.187,337.10 1 1
mymodule/main.go:338.9,338.36 1 1
mymodule/main.go:341.5,341.38 1 1
mymodule/main.go:341.38,343.6 1 1
mymodule/main.go:345.5,345.22 1 1
mymodule/main.go:349.69,353.20 3 1
mymodule/main.go:353.20,356.6 2 1
mymodule/main.go:358.5,375.19 3 1
mymodule/main.go:375.19,378.6 2 1
mymodule/main.go:379.5,382.19 3 1
mymodule/main.go:382.19,385.6 2 1
mymodule/main.go:387.5,387.45 1 1
mymodule/main.go:392.68,401.19 4 1
mymodule/main.go:401.19,404.6 2 1
mymodule/main.go:405.5,408.19 3 1
mymodule/main.go:408.19,411.6 2 1
mymodule/main.go:413.5,413.47 1 1
mymodule/main.go:418.69,437.19 4 1
mymodule/main.go:437.19,440.6 2 1
mymodule/main.go:442.5,443.19 2 1
mymodule/main.go:443.19,446.6 2 1
mymodule/main.go:448.5,448.45 1 1
mymodule/main.go:452.76,463.19 4 1
mymodule/main.go:463.19,467.6 3 1
mymodule/main.go:468.5,471.19 3 1
mymodule/main.go:471.19,475.6 3 1
mymodule/main.go:477.5,477.55 1 1
mymodule/main.go:481.76,485.19 3 1
mymodule/main.go:485.19,488.6 2 1
mymodule/main.go:490.5,499.19 3 1
mymodule/main.go:499.19,502.6 2 1
mymodule/main.go:503.5,506.19 3 1
mymodule/main.go:506.19,509.6 2 1
mymodule/main.go:511.5,511.54 1 1
mymodule/main.go:515.63,518.21 2 1
mymodule/main.go:518.21,520.144 2 1
mymodule/main.go:520.144,522.10 1 0
mymodule/main.go:523.9,523.62 1 1
mymodule/main.go:526.5,526.38 1 1
mymodule/main.go:526.38,528.6 1 1
mymodule/main.go:530.5,530.32 1 1
mymodule/main.go:534.69,538.19 3 1
mymodule/main.go:538.19,541.6 2 1
mymodule/main.go:544.5,560.19 3 1
mymodule/main.go:560.19,563.6 2 1
mymodule/main.go:564.5,567.20 3 1
mymodule/main.go:567.20,568.187 1 1
mymodule/main.go:568.187,571.10 2 1
mymodule/main.go:572.11,575.6 2 1
mymodule/main.go:577.5,577.44 1 1
mymodule/main.go:582.80,584.16 2 1
mymodule/main.go:584.16,587.3 2 1
mymodule/main.go:589.2,597.16 3 1
mymodule/main.go:597.16,600.3 2 1
mymodule/main.go:601.2,604.53 3 1
mymodule/main.go:604.53,607.3 2 1
mymodule/main.go:609.2,609.27 1 1
mymodule/main.go:609.27,612.3 2 1
mymodule/main.go:614.2,614.48 1 1
mymodule/main.go:617.64,618.21 1 1
mymodule/main.go:618.21,620.105 2 1
mymodule/main.go:620.105,622.10 1 1
mymodule/main.go:623.9,623.56 1 1
mymodule/main.go:625.5,625.22 1 1
mymodule/main.go:629.75,633.16 3 1
mymodule/main.go:633.16,636.3 2 1
mymodule/main.go:637.2,640.53 3 1
mymodule/main.go:640.53,643.3 2 1
mymodule/main.go:645.2,645.48 1 1
mymodule/main.go:649.72,650.33 1 1
mymodule/main.go:650.33,653.3 2 0
mymodule/main.go:655.2,657.16 3 1
mymodule/main.go:657.16,660.3 2 0
mymodule/main.go:662.2,663.16 2 1
mymodule/main.go:663.16,667.3 3 0
mymodule/main.go:668.2,677.16 7 1
mymodule/main.go:677.16,681.3 3 0
mymodule/main.go:683.2,684.16 2 1
mymodule/main.go:684.16,688.3 3 0
mymodule/main.go:689.2,692.16 3 1
mymodule/main.go:692.16,696.3 3 0
mymodule/main.go:698.2,700.16 3 1
mymodule/main.go:700.16,704.3 3 0
mymodule/main.go:706.2,707.63 2 1
mymodule/main.go:711.67,712.33 1 1
mymodule/main.go:712.33,715.3 2 0
mymodule/main.go:718.2,720.16 3 1
mymodule/main.go:720.16,723.3 2 0
mymodule/main.go:724.2,727.53 2 1
mymodule/main.go:727.53,730.3 2 0
mymodule/main.go:733.2,737.16 3 1
mymodule/main.go:737.16,741.3 3 0
mymodule/main.go:744.2,745.16 2 1
mymodule/main.go:745.16,749.3 3 0
mymodule/main.go:751.2,756.60 4 1
mymodule/main.go:756.60,759.3 2 0
mymodule/main.go:763.70,764.33 1 1
mymodule/main.go:764.33,767.3 2 0
mymodule/main.go:769.2,771.16 3 1
mymodule/main.go:771.16,774.3 2 0
mymodule/main.go:776.2,777.16 2 1
mymodule/main.go:777.16,781.3 3 0
mymodule/main.go:782.2,790.16 7 1
mymodule/main.go:790.16,794.3 3 0
mymodule/main.go:796.2,797.16 2 1
mymodule/main.go:797.16,801.3 3 0
mymodule/main.go:802.2,805.16 3 1
mymodule/main.go:805.16,809.3 3 0
mymodule/main.go:811.2,813.16 3 1
mymodule/main.go:813.16,817.3 3 0
mymodule/main.go:819.2,820.63 2 1
mymodule/main.go:824.65,825.33 1 1
mymodule/main.go:825.33,828.3 2 0
mymodule/main.go:831.2,833.16 3 1
mymodule/main.go:833.16,836.3 2 0
mymodule/main.go:837.2,840.44 2 1
mymodule/main.go:840.44,843.3 2 0
mymodule/main.go:846.2,850.16 3 1
mymodule/main.go:850.16,854.3 3 0
mymodule/main.go:857.2,858.16 2 1
mymodule/main.go:858.16,862.3 3 0
mymodule/main.go:864.2,868.60 4 1
mymodule/main.go:868.60,871.3 2 0
mymodule/main.go:875.71,876.33 1 1
mymodule/main.go:876.33,879.3 2 0
mymodule/main.go:882.2,884.16 3 1
mymodule/main.go:884.16,887.3 2 0
mymodule/main.go:888.2,891.87 2 1
mymodule/main.go:891.87,894.3 2 0
mymodule/main.go:897.2,901.16 3 1
mymodule/main.go:901.16,905.3 3 0
mymodule/main.go:908.2,909.16 2 1
mymodule/main.go:909.16,913.3 3 0
mymodule/main.go:915.2,919.60 4 1
mymodule/main.go:919.60,922.3 2 0
mymodule/main.go:926.68,927.33 1 1
mymodule/main.go:927.33,930.3 2 0
mymodule/main.go:933.2,938.16 3 1
mymodule/main.go:938.16,941.3 2 0
mymodule/main.go:943.2,943.62 1 1
mymodule/main.go:943.62,946.3 2 0
mymodule/main.go:949.2,951.16 3 1
mymodule/main.go:951.16,955.3 3 0
mymodule/main.go:956.2,956.16 1 1
mymodule/main.go:956.16,959.3 2 0
mymodule/main.go:962.2,963.16 2 1
mymodule/main.go:963.16,967.3 3 0
mymodule/main.go:970.2,971.16 2 1
mymodule/main.go:971.16,975.3 3 0
mymodule/main.go:977.2,979.61 3 1
mymodule/main.go:983.76,984.33 1 1
mymodule/main.go:984.33,987.3 2 0
mymodule/main.go:990.2,995.16 3 1
mymodule/main.go:995.16,998.3 2 0
mymodule/main.go:1001.2,1003.16 3 1
mymodule/main.go:1003.16,1004.27 1 0
mymodule/main.go:1004.27,1006.4 1 0
mymodule/main.go:1006.9,1009.4 2 0
mymodule/main.go:1010.3,1010.9 1 0
mymodule/main.go:1013.2,1013.17 1 1
mymodule/main.go:1013.17,1016.3 2 0
mymodule/main.go:1019.2,1020.16 2 1
mymodule/main.go:1020.16,1024.3 3 0
mymodule/main.go:1027.2,1028.16 2 1
mymodule/main.go:1028.16,1032.3 3 0
mymodule/main.go:1034.2,1035.46 2 1
mymodule/main.go:1039.70,1040.63 1 1
mymodule/main.go:1040.63,1043.3 2 0
mymodule/main.go:1045.2,1047.16 3 1
mymodule/main.go:1047.16,1050.3 2 0
mymodule/main.go:1052.2,1054.16 3 1
mymodule/main.go:1054.16,1057.3 2 0
mymodule/main.go:1058.2,1060.53 2 1
mymodule/main.go:1060.53,1063.3 2 0
mymodule/main.go:1065.2,1072.16 3 1
mymodule/main.go:1072.16,1076.3 3 0
mymodule/main.go:1078.2,1079.23 2 1
mymodule/main.go:1079.23,1082.3 2 0
mymodule/main.go:1084.2,1084.47 1 1
mymodule/main.go:1088.68,1089.63 1 1
mymodule/main.go:1089.63,1092.3 2 0
mymodule/main.go:1095.2,1097.16 3 1
mymodule/main.go:1097.16,1100.3 2 0
mymodule/main.go:1103.2,1111.16 3 1
mymodule/main.go:1111.16,1114.3 2 0
mymodule/main.go:1115.2,1118.44 2 1
mymodule/main.go:1118.44,1121.3 2 0
mymodule/main.go:1124.2,1132.16 3 1
mymodule/main.go:1132.16,1136.3 3 0
mymodule/main.go:1139.2,1140.23 2 1
mymodule/main.go:1140.23,1143.3 2 0
mymodule/main.go:1145.2,1145.45 1 1
mymodule/main.go:1149.74,1150.63 1 0
mymodule/main.go:1150.63,1153.3 2 0
mymodule/main.go:1156.2,1158.16 3 0
mymodule/main.go:1158.16,1161.3 2 0
mymodule/main.go:1164.2,1166.16 3 0
mymodule/main.go:1166.16,1169.3 2 0
mymodule/main.go:1170.2,1177.87 4 0
mymodule/main.go:1177.87,1180.3 2 0
mymodule/main.go:1183.2,1191.16 3 0
mymodule/main.go:1191.16,1195.3 3 0
mymodule/main.go:1198.2,1199.23 2 0
mymodule/main.go:1199.23,1202.3 2 0
mymodule/main.go:1204.2,1204.51 1 0
mymodule/main.go:1208.70,1209.35 1 0
mymodule/main.go:1209.35,1212.3 2 0
mymodule/main.go:1215.2,1217.16 3 0
mymodule/main.go:1217.16,1220.3 2 0
mymodule/main.go:1223.2,1232.16 4 0
mymodule/main.go:1232.16,1236.3 3 0
mymodule/main.go:1239.2,1239.18 1 0
mymodule/main.go:1239.18,1242.3 2 0
mymodule/main.go:1245.2,1252.16 3 0
mymodule/main.go:1252.16,1256.3 3 0
mymodule/main.go:1259.2,1260.23 2 0
mymodule/main.go:1260.23,1263.3 2 0
mymodule/main.go:1265.2,1265.47 1 0
mymodule/main.go:1269.68,1270.35 1 0
mymodule/main.go:1270.35,1273.3 2 0
mymodule/main.go:1276.2,1278.16 3 0
mymodule/main.go:1278.16,1281.3 2 0
mymodule/main.go:1284.2,1293.16 4 0
mymodule/main.go:1293.16,1297.3 3 0
mymodule/main.go:1300.2,1309.16 4 0
mymodule/main.go:1309.16,1313.3 3 0
mymodule/main.go:1316.2,1323.16 3 0
mymodule/main.go:1323.16,1327.3 3 0
mymodule/main.go:1330.2,1331.23 2 0
mymodule/main.go:1331.23,1334.3 2 0
mymodule/main.go:1337.2,1337.24 1 0
mymodule/main.go:1337.24,1345.17 3 0
mymodule/main.go:1345.17,1349.4 3 0
mymodule/main.go:1352.2,1352.45 1 0
mymodule/main.go:1356.74,1357.35 1 0
mymodule/main.go:1357.35,1360.3 2 0
mymodule/main.go:1363.2,1365.16 3 0
mymodule/main.go:1365.16,1368.3 2 0
mymodule/main.go:1371.2,1378.16 3 0
mymodule/main.go:1378.16,1382.3 3 0
mymodule/main.go:1385.2,1386.23 2 0
mymodule/main.go:1386.23,1389.3 2 0
mymodule/main.go:1391.2,1391.51 1 0
